  [1m[36m (0.9ms)[0m  [1mCREATE TABLE "authors" ("id" INTEGER PRIMARY KEY AUTOINCREMENT NOT NULL, "name" varchar, "genre" varchar, "bio" text, "created_at" datetime NOT NULL, "updated_at" datetime NOT NULL) [0m
  [1m[35m (0.6ms)[0m  CREATE TABLE "posts" ("id" INTEGER PRIMARY KEY AUTOINCREMENT NOT NULL, "title" varchar, "description" text, "created_at" datetime NOT NULL, "updated_at" datetime NOT NULL, "post_status" boolean, "author_id" integer) 
  [1m[36m (0.8ms)[0m  [1mCREATE TABLE "schema_migrations" ("version" varchar NOT NULL) [0m
  [1m[35m (0.4ms)[0m  select sqlite_version(*)
  [1m[36m (0.6ms)[0m  [1mCREATE UNIQUE INDEX "unique_schema_migrations" ON "schema_migrations" ("version")[0m
  [1m[35m (0.1ms)[0m  SELECT version FROM "schema_migrations"
  [1m[36m (0.5ms)[0m  [1mINSERT INTO "schema_migrations" (version) VALUES ('20160113011820')[0m
  [1m[35m (0.9ms)[0m  INSERT INTO "schema_migrations" (version) VALUES ('20151230232412')
  [1m[36m (0.6ms)[0m  [1mINSERT INTO "schema_migrations" (version) VALUES ('20160113011041')[0m
  [1m[35m (0.6ms)[0m  INSERT INTO "schema_migrations" (version) VALUES ('20160113011150')
  [1m[36m (0.7ms)[0m  [1mCREATE TABLE "authors" ("id" INTEGER PRIMARY KEY AUTOINCREMENT NOT NULL, "name" varchar, "genre" varchar, "bio" text, "created_at" datetime NOT NULL, "updated_at" datetime NOT NULL) [0m
  [1m[35m (0.6ms)[0m  CREATE TABLE "posts" ("id" INTEGER PRIMARY KEY AUTOINCREMENT NOT NULL, "title" varchar, "description" text, "created_at" datetime NOT NULL, "updated_at" datetime NOT NULL, "post_status" boolean, "author_id" integer) 
  [1m[36m (0.6ms)[0m  [1mCREATE TABLE "schema_migrations" ("version" varchar NOT NULL) [0m
  [1m[35m (0.0ms)[0m  select sqlite_version(*)
  [1m[36m (0.6ms)[0m  [1mCREATE UNIQUE INDEX "unique_schema_migrations" ON "schema_migrations" ("version")[0m
  [1m[35m (0.1ms)[0m  SELECT version FROM "schema_migrations"
  [1m[36m (0.6ms)[0m  [1mINSERT INTO "schema_migrations" (version) VALUES ('20160113011820')[0m
  [1m[35m (0.7ms)[0m  INSERT INTO "schema_migrations" (version) VALUES ('20151230232412')
  [1m[36m (0.6ms)[0m  [1mINSERT INTO "schema_migrations" (version) VALUES ('20160113011041')[0m
  [1m[35m (0.6ms)[0m  INSERT INTO "schema_migrations" (version) VALUES ('20160113011150')
  [1m[36mActiveRecord::SchemaMigration Load (0.1ms)[0m  [1mSELECT "schema_migrations".* FROM "schema_migrations"[0m
  [1m[36m (0.1ms)[0m  [1mbegin transaction[0m
  [1m[35m (0.1ms)[0m  rollback transaction
  [1m[36m (0.1ms)[0m  [1mbegin transaction[0m
  [1m[35mSQL (0.4ms)[0m  INSERT INTO "posts" ("title", "description", "created_at", "updated_at") VALUES (?, ?, ?, ?)  [["title", "Testing"], ["description", "testing"], ["created_at", "2016-01-26 15:06:03.106369"], ["updated_at", "2016-01-26 15:06:03.106369"]]
  [1m[36m (0.7ms)[0m  [1mcommit transaction[0m


Started GET "/" for ::1 at 2016-02-06 11:05:45 -0500
  [1m[36mActiveRecord::SchemaMigration Load (0.4ms)[0m  [1mSELECT "schema_migrations".* FROM "schema_migrations"[0m
Processing by Rails::WelcomeController#index as HTML
  Rendered /Users/scottcreynolds/.rvm/gems/ruby-2.1.2/gems/railties-4.2.5/lib/rails/templates/rails/welcome/index.html.erb (1.7ms)
Completed 200 OK in 19ms (Views: 10.8ms | ActiveRecord: 0.0ms)


Started GET "/authors" for ::1 at 2016-02-06 11:05:49 -0500
Processing by AuthorsController#index as HTML
  [1m[35mAuthor Load (0.4ms)[0m  SELECT "authors".* FROM "authors"
  Rendered authors/index.html.erb within layouts/application (2.1ms)
Completed 200 OK in 326ms (Views: 320.1ms | ActiveRecord: 0.6ms)


Started GET "/assets/authors.self-e3b0c44298fc1c149afbf4c8996fb92427ae41e4649b934ca495991b7852b855.css?body=1" for ::1 at 2016-02-06 11:05:50 -0500


Started GET "/assets/application.self-e80e8f2318043e8af94dddc2adad5a4f09739a8ebb323b3ab31cd71d45fd9113.css?body=1" for ::1 at 2016-02-06 11:05:50 -0500


Started GET "/assets/jquery.self-a714331225dda820228db323939889f149aec0127aeb06255646b616ba1ca419.js?body=1" for ::1 at 2016-02-06 11:05:50 -0500


Started GET "/assets/jquery_ujs.self-d456baa54c1fa6be2ec3711f0a72ddf7a5b2f34a6b4f515f33767d6207b7d4b3.js?body=1" for ::1 at 2016-02-06 11:05:50 -0500


Started GET "/assets/turbolinks.self-c37727e9bd6b2735da5c311aa83fead54ed0be6cc8bd9a65309e9c5abe2cbfff.js?body=1" for ::1 at 2016-02-06 11:05:50 -0500


Started GET "/assets/authors.self-877aef30ae1b040ab8a3aba4e3e309a11d7f2612f44dde450b5c157aa5f95c05.js?body=1" for ::1 at 2016-02-06 11:05:50 -0500


Started GET "/assets/application.self-3b8dabdc891efe46b9a144b400ad69e37d7e5876bdc39dee783419a69d7ca819.js?body=1" for ::1 at 2016-02-06 11:05:50 -0500
  [1m[36mActiveRecord::SchemaMigration Load (0.3ms)[0m  [1mSELECT "schema_migrations".* FROM "schema_migrations"[0m
  [1m[35mPost Load (0.5ms)[0m  SELECT "posts".* FROM "posts"
  [1m[36m (0.1ms)[0m  [1mbegin transaction[0m
  [1m[35mSQL (0.3ms)[0m  DELETE FROM "posts" WHERE "posts"."id" = ?  [["id", 1]]
  [1m[36m (0.7ms)[0m  [1mcommit transaction[0m
  [1m[35mAuthor Load (0.5ms)[0m  SELECT "authors".* FROM "authors"
  [1m[36m (0.1ms)[0m  [1mbegin transaction[0m
  [1m[35mSQL (0.7ms)[0m  INSERT INTO "authors" ("name", "genre", "bio", "created_at", "updated_at") VALUES (?, ?, ?, ?, ?)  [["name", "Stephen King"], ["genre", "Romance"], ["bio", "Writes a lot of scary things."], ["created_at", "2016-02-06 16:05:58.242754"], ["updated_at", "2016-02-06 16:05:58.242754"]]
  [1m[36m (0.8ms)[0m  [1mcommit transaction[0m
  [1m[35m (0.0ms)[0m  begin transaction
  [1m[36mSQL (0.2ms)[0m  [1mINSERT INTO "authors" ("name", "genre", "bio", "created_at", "updated_at") VALUES (?, ?, ?, ?, ?)[0m  [["name", "Ariana Huffington"], ["genre", "Comedy"], ["bio", "Up and comer. One to watch."], ["created_at", "2016-02-06 16:05:58.246122"], ["updated_at", "2016-02-06 16:05:58.246122"]]
  [1m[35m (0.7ms)[0m  commit transaction
  [1m[36m (0.0ms)[0m  [1mbegin transaction[0m
  [1m[35mSQL (0.2ms)[0m  INSERT INTO "authors" ("name", "genre", "bio", "created_at", "updated_at") VALUES (?, ?, ?, ?, ?)  [["name", "Horse Ebooks"], ["genre", "?????"], ["bio", "Eclectic."], ["created_at", "2016-02-06 16:05:58.248254"], ["updated_at", "2016-02-06 16:05:58.248254"]]
  [1m[36m (0.7ms)[0m  [1mcommit transaction[0m
  [1m[35m (0.1ms)[0m  begin transaction
  [1m[36mSQL (0.4ms)[0m  [1mINSERT INTO "posts" ("title", "description", "author_id", "created_at", "updated_at") VALUES (?, ?, ?, ?, ?)[0m  [["title", "Something About Democrats"], ["description", "  Last night I dreamt there is more to life than to bully friends.\n  What has that got to do with Democrats, you probably wonder...\n  The answer is here. Right here. Back in school my hair was silly.\n  Nevermind about the details, but... In a nut-shell: And still,\n  it was strange. Using Google, I found a 12-sided dice.\n  Which would be nothing special but...\n"], ["author_id", 1], ["created_at", "2016-02-06 16:05:58.256941"], ["updated_at", "2016-02-06 16:05:58.256941"]]
  [1m[35m (0.8ms)[0m  commit transaction
  [1m[36m (0.0ms)[0m  [1mbegin transaction[0m
  [1m[35mSQL (0.2ms)[0m  INSERT INTO "posts" ("title", "description", "author_id", "created_at", "updated_at") VALUES (?, ?, ?, ?, ?)  [["title", "Spam Spam Spam"], ["description", "  It occurred to me that no matter what cards you are dealt,\n  you need to enjoy the small joys. How is this related to Spam, you ask.\n  Fair enough. OK, I will tell you something here now...\n  Sometime around last year I loved movies. Yeah, just what it sounds like.\n  In a nut-shell: And still, it was strange. I collided with the powers of a my computer,\n  broken and gray. And here's why this matters...\n"], ["author_id", 2], ["created_at", "2016-02-06 16:05:58.259955"], ["updated_at", "2016-02-06 16:05:58.259955"]]
  [1m[36m (0.7ms)[0m  [1mcommit transaction[0m
  [1m[35m (0.0ms)[0m  begin transaction
  [1m[36mSQL (0.2ms)[0m  [1mINSERT INTO "posts" ("title", "description", "author_id", "created_at", "updated_at") VALUES (?, ?, ?, ?, ?)[0m  [["title", "Links! Click Links!"], ["description", "  Last night I dreamt we simply need to realize to be so competitive.\n  Does the responsibility lie with Links, you probably wonder...\n  The answer is here. Right here. About the time I broke up with my\n  ex I was totally into music. Whatever. So that's that.\n  But something wasn't right. I stumbled upon a giant banana.\n"], ["author_id", 3], ["created_at", "2016-02-06 16:05:58.262234"], ["updated_at", "2016-02-06 16:05:58.262234"]]
  [1m[35m (0.7ms)[0m  commit transaction
  [1m[36m (0.1ms)[0m  [1mbegin transaction[0m
  [1m[35mSQL (0.3ms)[0m  UPDATE "posts" SET "created_at" = ?, "updated_at" = ? WHERE "posts"."id" = ?  [["created_at", "2016-02-05 00:00:00.000000"], ["updated_at", "2016-02-06 16:05:58.265939"], ["id", 4]]
  [1m[36m (0.7ms)[0m  [1mcommit transaction[0m


Started GET "/authors" for ::1 at 2016-02-06 11:06:04 -0500
Processing by AuthorsController#index as HTML
  [1m[36mAuthor Load (0.2ms)[0m  [1mSELECT "authors".* FROM "authors"[0m
  Rendered authors/index.html.erb within layouts/application (4.2ms)
Completed 200 OK in 18ms (Views: 15.4ms | ActiveRecord: 0.3ms)


Started GET "/assets/application.self-e80e8f2318043e8af94dddc2adad5a4f09739a8ebb323b3ab31cd71d45fd9113.css?body=1" for ::1 at 2016-02-06 11:06:04 -0500


Started GET "/assets/jquery.self-a714331225dda820228db323939889f149aec0127aeb06255646b616ba1ca419.js?body=1" for ::1 at 2016-02-06 11:06:04 -0500


Started GET "/assets/jquery_ujs.self-d456baa54c1fa6be2ec3711f0a72ddf7a5b2f34a6b4f515f33767d6207b7d4b3.js?body=1" for ::1 at 2016-02-06 11:06:04 -0500


Started GET "/assets/turbolinks.self-c37727e9bd6b2735da5c311aa83fead54ed0be6cc8bd9a65309e9c5abe2cbfff.js?body=1" for ::1 at 2016-02-06 11:06:04 -0500


Started GET "/assets/authors.self-e3b0c44298fc1c149afbf4c8996fb92427ae41e4649b934ca495991b7852b855.css?body=1" for ::1 at 2016-02-06 11:06:04 -0500


Started GET "/assets/application.self-3b8dabdc891efe46b9a144b400ad69e37d7e5876bdc39dee783419a69d7ca819.js?body=1" for ::1 at 2016-02-06 11:06:04 -0500


Started GET "/assets/authors.self-877aef30ae1b040ab8a3aba4e3e309a11d7f2612f44dde450b5c157aa5f95c05.js?body=1" for ::1 at 2016-02-06 11:06:04 -0500


Started GET "/authors" for ::1 at 2016-02-06 11:06:51 -0500
Processing by AuthorsController#index as HTML
  [1m[35mAuthor Load (0.2ms)[0m  SELECT "authors".* FROM "authors"
  Rendered authors/index.html.erb within layouts/application (1.9ms)
Completed 200 OK in 15ms (Views: 12.8ms | ActiveRecord: 0.2ms)


Started GET "/assets/authors.self-e3b0c44298fc1c149afbf4c8996fb92427ae41e4649b934ca495991b7852b855.css?body=1" for ::1 at 2016-02-06 11:06:51 -0500


Started GET "/assets/application.self-e80e8f2318043e8af94dddc2adad5a4f09739a8ebb323b3ab31cd71d45fd9113.css?body=1" for ::1 at 2016-02-06 11:06:51 -0500


Started GET "/assets/jquery.self-a714331225dda820228db323939889f149aec0127aeb06255646b616ba1ca419.js?body=1" for ::1 at 2016-02-06 11:06:51 -0500


Started GET "/assets/jquery_ujs.self-d456baa54c1fa6be2ec3711f0a72ddf7a5b2f34a6b4f515f33767d6207b7d4b3.js?body=1" for ::1 at 2016-02-06 11:06:51 -0500


Started GET "/assets/turbolinks.self-c37727e9bd6b2735da5c311aa83fead54ed0be6cc8bd9a65309e9c5abe2cbfff.js?body=1" for ::1 at 2016-02-06 11:06:51 -0500


Started GET "/assets/application.self-3b8dabdc891efe46b9a144b400ad69e37d7e5876bdc39dee783419a69d7ca819.js?body=1" for ::1 at 2016-02-06 11:06:51 -0500


Started GET "/assets/authors.self-877aef30ae1b040ab8a3aba4e3e309a11d7f2612f44dde450b5c157aa5f95c05.js?body=1" for ::1 at 2016-02-06 11:06:51 -0500


Started GET "/authors/new" for ::1 at 2016-02-06 11:06:53 -0500
Processing by AuthorsController#new as HTML
  Rendered authors/_form.html.erb (19.0ms)
  Rendered authors/new.html.erb within layouts/application (23.0ms)
Completed 200 OK in 35ms (Views: 34.8ms | ActiveRecord: 0.0ms)


Started POST "/authors" for ::1 at 2016-02-06 11:06:58 -0500

AbstractController::ActionNotFound (The action 'create' could not be found for AuthorsController):
  actionpack (4.2.5) lib/abstract_controller/base.rb:132:in `process'
  actionview (4.2.5) lib/action_view/rendering.rb:30:in `process'
  actionpack (4.2.5) lib/action_controller/metal.rb:196:in `dispatch'
  actionpack (4.2.5) lib/action_controller/metal/rack_delegation.rb:13:in `dispatch'
  actionpack (4.2.5) lib/action_controller/metal.rb:237:in `block in action'
  actionpack (4.2.5) lib/action_dispatch/routing/route_set.rb:76:in `call'
  actionpack (4.2.5) lib/action_dispatch/routing/route_set.rb:76:in `dispatch'
  actionpack (4.2.5) lib/action_dispatch/routing/route_set.rb:45:in `serve'
  actionpack (4.2.5) lib/action_dispatch/journey/router.rb:43:in `block in serve'
  actionpack (4.2.5) lib/action_dispatch/journey/router.rb:30:in `each'
  actionpack (4.2.5) lib/action_dispatch/journey/router.rb:30:in `serve'
  actionpack (4.2.5) lib/action_dispatch/routing/route_set.rb:817:in `call'
  rack (1.6.4) lib/rack/etag.rb:24:in `call'
  rack (1.6.4) lib/rack/conditionalget.rb:38:in `call'
  rack (1.6.4) lib/rack/head.rb:13:in `call'
  actionpack (4.2.5) lib/action_dispatch/middleware/params_parser.rb:27:in `call'
  actionpack (4.2.5) lib/action_dispatch/middleware/flash.rb:260:in `call'
  rack (1.6.4) lib/rack/session/abstract/id.rb:225:in `context'
  rack (1.6.4) lib/rack/session/abstract/id.rb:220:in `call'
  actionpack (4.2.5) lib/action_dispatch/middleware/cookies.rb:560:in `call'
  activerecord (4.2.5) lib/active_record/query_cache.rb:36:in `call'
  activerecord (4.2.5) lib/active_record/connection_adapters/abstract/connection_pool.rb:653:in `call'
  activerecord (4.2.5) lib/active_record/migration.rb:377:in `call'
  actionpack (4.2.5) lib/action_dispatch/middleware/callbacks.rb:29:in `block in call'
  activesupport (4.2.5) lib/active_support/callbacks.rb:88:in `__run_callbacks__'
  activesupport (4.2.5) lib/active_support/callbacks.rb:778:in `_run_call_callbacks'
  activesupport (4.2.5) lib/active_support/callbacks.rb:81:in `run_callbacks'
  actionpack (4.2.5) lib/action_dispatch/middleware/callbacks.rb:27:in `call'
  actionpack (4.2.5) lib/action_dispatch/middleware/reloader.rb:73:in `call'
  actionpack (4.2.5) lib/action_dispatch/middleware/remote_ip.rb:78:in `call'
  actionpack (4.2.5) lib/action_dispatch/middleware/debug_exceptions.rb:17:in `call'
  web-console (2.2.1) lib/web_console/middleware.rb:39:in `call'
  actionpack (4.2.5) lib/action_dispatch/middleware/show_exceptions.rb:30:in `call'
  railties (4.2.5) lib/rails/rack/logger.rb:38:in `call_app'
  railties (4.2.5) lib/rails/rack/logger.rb:20:in `block in call'
  activesupport (4.2.5) lib/active_support/tagged_logging.rb:68:in `block in tagged'
  activesupport (4.2.5) lib/active_support/tagged_logging.rb:26:in `tagged'
  activesupport (4.2.5) lib/active_support/tagged_logging.rb:68:in `tagged'
  railties (4.2.5) lib/rails/rack/logger.rb:20:in `call'
  actionpack (4.2.5) lib/action_dispatch/middleware/request_id.rb:21:in `call'
  rack (1.6.4) lib/rack/methodoverride.rb:22:in `call'
  rack (1.6.4) lib/rack/runtime.rb:18:in `call'
  activesupport (4.2.5) lib/active_support/cache/strategy/local_cache_middleware.rb:28:in `call'
  rack (1.6.4) lib/rack/lock.rb:17:in `call'
  actionpack (4.2.5) lib/action_dispatch/middleware/static.rb:116:in `call'
  rack (1.6.4) lib/rack/sendfile.rb:113:in `call'
  railties (4.2.5) lib/rails/engine.rb:518:in `call'
  railties (4.2.5) lib/rails/application.rb:165:in `call'
  rack (1.6.4) lib/rack/lock.rb:17:in `call'
  rack (1.6.4) lib/rack/content_length.rb:15:in `call'
  rack (1.6.4) lib/rack/handler/webrick.rb:88:in `service'
  /Users/scottcreynolds/.rvm/rubies/ruby-2.1.2/lib/ruby/2.1.0/webrick/httpserver.rb:138:in `service'
  /Users/scottcreynolds/.rvm/rubies/ruby-2.1.2/lib/ruby/2.1.0/webrick/httpserver.rb:94:in `run'
  /Users/scottcreynolds/.rvm/rubies/ruby-2.1.2/lib/ruby/2.1.0/webrick/server.rb:295:in `block in start_thread'


  Rendered /Users/scottcreynolds/.rvm/gems/ruby-2.1.2/gems/actionpack-4.2.5/lib/action_dispatch/middleware/templates/rescues/unknown_action.html.erb within rescues/layout (0.4ms)
  Rendered /Users/scottcreynolds/.rvm/gems/ruby-2.1.2/gems/web-console-2.2.1/lib/web_console/templates/_markup.html.erb (0.2ms)
  Rendered /Users/scottcreynolds/.rvm/gems/ruby-2.1.2/gems/web-console-2.2.1/lib/web_console/templates/_inner_console_markup.html.erb within layouts/inlined_string (0.4ms)
  Rendered /Users/scottcreynolds/.rvm/gems/ruby-2.1.2/gems/web-console-2.2.1/lib/web_console/templates/_prompt_box_markup.html.erb within layouts/inlined_string (0.3ms)
  Rendered /Users/scottcreynolds/.rvm/gems/ruby-2.1.2/gems/web-console-2.2.1/lib/web_console/templates/style.css.erb within layouts/inlined_string (0.4ms)
  Rendered /Users/scottcreynolds/.rvm/gems/ruby-2.1.2/gems/web-console-2.2.1/lib/web_console/templates/console.js.erb within layouts/javascript (18.9ms)
  Rendered /Users/scottcreynolds/.rvm/gems/ruby-2.1.2/gems/web-console-2.2.1/lib/web_console/templates/main.js.erb within layouts/javascript (0.3ms)
  Rendered /Users/scottcreynolds/.rvm/gems/ruby-2.1.2/gems/web-console-2.2.1/lib/web_console/templates/error_page.js.erb within layouts/javascript (0.5ms)
  Rendered /Users/scottcreynolds/.rvm/gems/ruby-2.1.2/gems/web-console-2.2.1/lib/web_console/templates/index.html.erb (38.7ms)


Started POST "/authors" for ::1 at 2016-02-06 11:07:10 -0500
Processing by AuthorsController#create as HTML
  Parameters: {"utf8"=>"✓", "authenticity_token"=>"nfJ19kYyvI1LZM6HO2pwq9jc3DxTzFbAD08EtpUZXIJp8bqQHQfuqOu9Kii9fdbpaJQTkQHM1d3YKX3014EYww==", "author"=>{"name"=>"Test", "bio"=>"man"}, "commit"=>"Create Author"}
  [1m[36m (0.1ms)[0m  [1mbegin transaction[0m
  [1m[35mSQL (0.3ms)[0m  INSERT INTO "authors" ("bio", "name", "created_at", "updated_at") VALUES (?, ?, ?, ?)  [["bio", "man"], ["name", "Test"], ["created_at", "2016-02-06 16:07:10.399317"], ["updated_at", "2016-02-06 16:07:10.399317"]]
  [1m[36m (0.8ms)[0m  [1mcommit transaction[0m
Redirected to http://localhost:3000/authors/4
Completed 302 Found in 11ms (ActiveRecord: 1.7ms)


Started GET "/authors/4" for ::1 at 2016-02-06 11:07:10 -0500
Processing by AuthorsController#show as HTML
  Parameters: {"id"=>"4"}
  [1m[35mAuthor Load (0.2ms)[0m  SELECT  "authors".* FROM "authors" WHERE "authors"."id" = ? LIMIT 1  [["id", 4]]
  [1m[36mPost Load (0.1ms)[0m  [1mSELECT "posts".* FROM "posts" WHERE "posts"."author_id" = ?[0m  [["author_id", 4]]
  Rendered authors/show.html.erb within layouts/application (16.5ms)
Completed 200 OK in 35ms (Views: 28.3ms | ActiveRecord: 0.4ms)


Started GET "/assets/authors.self-e3b0c44298fc1c149afbf4c8996fb92427ae41e4649b934ca495991b7852b855.css?body=1" for ::1 at 2016-02-06 11:07:10 -0500


Started GET "/assets/application.self-e80e8f2318043e8af94dddc2adad5a4f09739a8ebb323b3ab31cd71d45fd9113.css?body=1" for ::1 at 2016-02-06 11:07:10 -0500


Started GET "/assets/jquery.self-a714331225dda820228db323939889f149aec0127aeb06255646b616ba1ca419.js?body=1" for ::1 at 2016-02-06 11:07:10 -0500


Started GET "/assets/jquery_ujs.self-d456baa54c1fa6be2ec3711f0a72ddf7a5b2f34a6b4f515f33767d6207b7d4b3.js?body=1" for ::1 at 2016-02-06 11:07:10 -0500


Started GET "/assets/application.self-3b8dabdc891efe46b9a144b400ad69e37d7e5876bdc39dee783419a69d7ca819.js?body=1" for ::1 at 2016-02-06 11:07:10 -0500


Started GET "/assets/turbolinks.self-c37727e9bd6b2735da5c311aa83fead54ed0be6cc8bd9a65309e9c5abe2cbfff.js?body=1" for ::1 at 2016-02-06 11:07:10 -0500


Started GET "/assets/authors.self-877aef30ae1b040ab8a3aba4e3e309a11d7f2612f44dde450b5c157aa5f95c05.js?body=1" for ::1 at 2016-02-06 11:07:10 -0500


Started GET "/authors" for ::1 at 2016-02-06 11:07:16 -0500
Processing by AuthorsController#index as HTML
  [1m[35mAuthor Load (0.2ms)[0m  SELECT "authors".* FROM "authors"
  Rendered authors/index.html.erb within layouts/application (1.7ms)
Completed 200 OK in 18ms (Views: 17.3ms | ActiveRecord: 0.2ms)
  [1m[36mActiveRecord::SchemaMigration Load (0.6ms)[0m  [1mSELECT "schema_migrations".* FROM "schema_migrations"[0m
Migrating to AddAttachmentAvatarToAuthors (20160824190255)
  [1m[35m (0.1ms)[0m  begin transaction
  [1m[36m (1.1ms)[0m  [1mALTER TABLE "authors" ADD "avatar_file_name" varchar[0m
  [1m[35m (0.2ms)[0m  ALTER TABLE "authors" ADD "avatar_content_type" varchar
  [1m[36m (0.1ms)[0m  [1mALTER TABLE "authors" ADD "avatar_file_size" integer[0m
  [1m[35m (0.1ms)[0m  ALTER TABLE "authors" ADD "avatar_updated_at" datetime
  [1m[36mSQL (0.6ms)[0m  [1mINSERT INTO "schema_migrations" ("version") VALUES (?)[0m  [["version", "20160824190255"]]
  [1m[35m (1.0ms)[0m  commit transaction
  [1m[36mActiveRecord::SchemaMigration Load (0.2ms)[0m  [1mSELECT "schema_migrations".* FROM "schema_migrations"[0m


Started GET "/" for ::1 at 2016-08-24 15:06:29 -0400
  [1m[36mActiveRecord::SchemaMigration Load (0.5ms)[0m  [1mSELECT "schema_migrations".* FROM "schema_migrations"[0m
Processing by Rails::WelcomeController#index as HTML
  Rendered /Users/UnmiGong/.rvm/gems/ruby-2.2.3/gems/railties-4.2.5/lib/rails/templates/rails/welcome/index.html.erb (2.1ms)
Completed 200 OK in 32ms (Views: 15.1ms | ActiveRecord: 0.0ms)


Started GET "/" for ::1 at 2016-08-24 15:06:29 -0400
Processing by Rails::WelcomeController#index as HTML
  Rendered /Users/UnmiGong/.rvm/gems/ruby-2.2.3/gems/railties-4.2.5/lib/rails/templates/rails/welcome/index.html.erb (0.0ms)
Completed 200 OK in 3ms (Views: 2.1ms | ActiveRecord: 0.0ms)


Started GET "/authors/new" for ::1 at 2016-08-24 15:06:53 -0400

SyntaxError (/Users/UnmiGong/Development/code/rails-paperclip-readme-wdf-000/app/controllers/authors_controller.rb:33: syntax error, unexpected end-of-input, expecting keyword_end
  end
     ^):
  app/controllers/authors_controller.rb:33: syntax error, unexpected end-of-input, expecting keyword_end


  Rendered /Users/UnmiGong/.rvm/gems/ruby-2.2.3/gems/actionpack-4.2.5/lib/action_dispatch/middleware/templates/rescues/_source.erb (4.9ms)
  Rendered /Users/UnmiGong/.rvm/gems/ruby-2.2.3/gems/actionpack-4.2.5/lib/action_dispatch/middleware/templates/rescues/_trace.html.erb (2.8ms)
  Rendered /Users/UnmiGong/.rvm/gems/ruby-2.2.3/gems/actionpack-4.2.5/lib/action_dispatch/middleware/templates/rescues/_request_and_response.html.erb (1.5ms)
  Rendered /Users/UnmiGong/.rvm/gems/ruby-2.2.3/gems/actionpack-4.2.5/lib/action_dispatch/middleware/templates/rescues/diagnostics.html.erb within rescues/layout (72.1ms)
  Rendered /Users/UnmiGong/.rvm/gems/ruby-2.2.3/gems/web-console-2.2.1/lib/web_console/templates/_markup.html.erb (0.5ms)
  Rendered /Users/UnmiGong/.rvm/gems/ruby-2.2.3/gems/web-console-2.2.1/lib/web_console/templates/_inner_console_markup.html.erb within layouts/inlined_string (0.5ms)
  Rendered /Users/UnmiGong/.rvm/gems/ruby-2.2.3/gems/web-console-2.2.1/lib/web_console/templates/_prompt_box_markup.html.erb within layouts/inlined_string (0.4ms)
  Rendered /Users/UnmiGong/.rvm/gems/ruby-2.2.3/gems/web-console-2.2.1/lib/web_console/templates/style.css.erb within layouts/inlined_string (0.3ms)
  Rendered /Users/UnmiGong/.rvm/gems/ruby-2.2.3/gems/web-console-2.2.1/lib/web_console/templates/console.js.erb within layouts/javascript (58.2ms)
  Rendered /Users/UnmiGong/.rvm/gems/ruby-2.2.3/gems/web-console-2.2.1/lib/web_console/templates/main.js.erb within layouts/javascript (0.4ms)
  Rendered /Users/UnmiGong/.rvm/gems/ruby-2.2.3/gems/web-console-2.2.1/lib/web_console/templates/error_page.js.erb within layouts/javascript (0.6ms)
  Rendered /Users/UnmiGong/.rvm/gems/ruby-2.2.3/gems/web-console-2.2.1/lib/web_console/templates/index.html.erb (131.7ms)


Started GET "/authors/new" for ::1 at 2016-08-24 15:07:12 -0400
Processing by AuthorsController#new as HTML
  Rendered authors/_form.html.erb (35.1ms)
  Rendered authors/new.html.erb within layouts/application (37.9ms)
Completed 200 OK in 793ms (Views: 773.9ms | ActiveRecord: 0.7ms)


Started GET "/assets/authors.self-e3b0c44298fc1c149afbf4c8996fb92427ae41e4649b934ca495991b7852b855.css?body=1" for ::1 at 2016-08-24 15:07:13 -0400


Started GET "/assets/jquery.self-a714331225dda820228db323939889f149aec0127aeb06255646b616ba1ca419.js?body=1" for ::1 at 2016-08-24 15:07:13 -0400


Started GET "/assets/application.self-e80e8f2318043e8af94dddc2adad5a4f09739a8ebb323b3ab31cd71d45fd9113.css?body=1" for ::1 at 2016-08-24 15:07:13 -0400


Started GET "/assets/authors.self-877aef30ae1b040ab8a3aba4e3e309a11d7f2612f44dde450b5c157aa5f95c05.js?body=1" for ::1 at 2016-08-24 15:07:13 -0400


Started GET "/assets/jquery_ujs.self-d456baa54c1fa6be2ec3711f0a72ddf7a5b2f34a6b4f515f33767d6207b7d4b3.js?body=1" for ::1 at 2016-08-24 15:07:13 -0400


Started GET "/assets/application.self-3b8dabdc891efe46b9a144b400ad69e37d7e5876bdc39dee783419a69d7ca819.js?body=1" for ::1 at 2016-08-24 15:07:13 -0400


Started GET "/assets/turbolinks.self-c37727e9bd6b2735da5c311aa83fead54ed0be6cc8bd9a65309e9c5abe2cbfff.js?body=1" for ::1 at 2016-08-24 15:07:13 -0400


Started POST "/authors" for ::1 at 2016-08-24 15:07:22 -0400
Processing by AuthorsController#create as HTML
  Parameters: {"utf8"=>"✓", "authenticity_token"=>"9JeOUT2WwxPVpiQZ2PlQ0EoZ8OLNHi7ik3OgxEHsngeZfch1xqJet8i2Tdx/576omwZfMioCi+8xwg5j6nwD6w==", "author"=>{"avatar"=>#<ActionDispatch::Http::UploadedFile:0x007fc7823b2f58 @tempfile=#<Tempfile:/var/folders/pb/dp64sprj3mb902637dhf79pm0000gn/T/RackMultipart20160824-26789-4pd3kn.png>, @original_filename="1-biD9eS5eB6zXzieonNk-VQ.png", @content_type="image/png", @headers="Content-Disposition: form-data; name=\"author[avatar]\"; filename=\"1-biD9eS5eB6zXzieonNk-VQ.png\"\r\nContent-Type: image/png\r\n">, "name"=>"asdf", "bio"=>"asdf"}, "commit"=>"Create Author"}
Command :: file -b --mime '/var/folders/pb/dp64sprj3mb902637dhf79pm0000gn/T/f4df9f71b6f1543a0f18a63cd99dc37e20160824-26789-eat0mz.png'
  [1m[35m (0.2ms)[0m  begin transaction
Command :: file -b --mime '/var/folders/pb/dp64sprj3mb902637dhf79pm0000gn/T/f4df9f71b6f1543a0f18a63cd99dc37e20160824-26789-997w0j.png'
  [1m[36mSQL (1.3ms)[0m  [1mINSERT INTO "authors" ("bio", "name", "avatar_file_name", "avatar_content_type", "avatar_file_size", "avatar_updated_at", "created_at", "updated_at") VALUES (?, ?, ?, ?, ?, ?, ?, ?)[0m  [["bio", "asdf"], ["name", "asdf"], ["avatar_file_name", "1-biD9eS5eB6zXzieonNk-VQ.png"], ["avatar_content_type", "image/png"], ["avatar_file_size", 39087], ["avatar_updated_at", "2016-08-24 19:07:22.494609"], ["created_at", "2016-08-24 19:07:22.537130"], ["updated_at", "2016-08-24 19:07:22.537130"]]
  [1m[35m (1.0ms)[0m  commit transaction
Redirected to http://localhost:3000/authors/5
Completed 302 Found in 66ms (ActiveRecord: 2.6ms)


Started GET "/authors/5" for ::1 at 2016-08-24 15:07:22 -0400
Processing by AuthorsController#show as HTML
  Parameters: {"id"=>"5"}
  [1m[36mAuthor Load (0.3ms)[0m  [1mSELECT  "authors".* FROM "authors" WHERE "authors"."id" = ? LIMIT 1[0m  [["id", 5]]
  [1m[35mPost Load (0.7ms)[0m  SELECT "posts".* FROM "posts" WHERE "posts"."author_id" = ?  [["author_id", 5]]
  Rendered authors/show.html.erb within layouts/application (30.3ms)
Completed 200 OK in 65ms (Views: 52.5ms | ActiveRecord: 1.1ms)


Started POST "/authors" for ::1 at 2016-08-24 15:07:31 -0400
Processing by AuthorsController#create as HTML
  Parameters: {"utf8"=>"✓", "authenticity_token"=>"9JeOUT2WwxPVpiQZ2PlQ0EoZ8OLNHi7ik3OgxEHsngeZfch1xqJet8i2Tdx/576omwZfMioCi+8xwg5j6nwD6w==", "author"=>{"avatar"=>#<ActionDispatch::Http::UploadedFile:0x007fc787818f70 @tempfile=#<Tempfile:/var/folders/pb/dp64sprj3mb902637dhf79pm0000gn/T/RackMultipart20160824-26789-1bc5j7z.png>, @original_filename="1-biD9eS5eB6zXzieonNk-VQ.png", @content_type="image/png", @headers="Content-Disposition: form-data; name=\"author[avatar]\"; filename=\"1-biD9eS5eB6zXzieonNk-VQ.png\"\r\nContent-Type: image/png\r\n">, "name"=>"asdf", "bio"=>"asdf"}, "commit"=>"Create Author"}
Command :: file -b --mime '/var/folders/pb/dp64sprj3mb902637dhf79pm0000gn/T/f4df9f71b6f1543a0f18a63cd99dc37e20160824-26789-sxfjty.png'
  [1m[36m (0.1ms)[0m  [1mbegin transaction[0m
Command :: file -b --mime '/var/folders/pb/dp64sprj3mb902637dhf79pm0000gn/T/f4df9f71b6f1543a0f18a63cd99dc37e20160824-26789-b3usgv.png'
  [1m[35mSQL (0.7ms)[0m  INSERT INTO "authors" ("bio", "name", "avatar_file_name", "avatar_content_type", "avatar_file_size", "avatar_updated_at", "created_at", "updated_at") VALUES (?, ?, ?, ?, ?, ?, ?, ?)  [["bio", "asdf"], ["name", "asdf"], ["avatar_file_name", "1-biD9eS5eB6zXzieonNk-VQ.png"], ["avatar_content_type", "image/png"], ["avatar_file_size", 39087], ["avatar_updated_at", "2016-08-24 19:07:31.773898"], ["created_at", "2016-08-24 19:07:31.792744"], ["updated_at", "2016-08-24 19:07:31.792744"]]
  [1m[36m (1.0ms)[0m  [1mcommit transaction[0m
Redirected to http://localhost:3000/authors/6
Completed 302 Found in 39ms (ActiveRecord: 1.8ms)


Started GET "/authors/6" for ::1 at 2016-08-24 15:07:31 -0400
Processing by AuthorsController#show as HTML
  Parameters: {"id"=>"6"}
  [1m[35mAuthor Load (0.2ms)[0m  SELECT  "authors".* FROM "authors" WHERE "authors"."id" = ? LIMIT 1  [["id", 6]]
  [1m[36mPost Load (0.1ms)[0m  [1mSELECT "posts".* FROM "posts" WHERE "posts"."author_id" = ?[0m  [["author_id", 6]]
  Rendered authors/show.html.erb within layouts/application (1.2ms)
Completed 200 OK in 21ms (Views: 18.7ms | ActiveRecord: 0.3ms)


Started GET "/authors/6" for ::1 at 2016-08-24 15:08:04 -0400
Processing by AuthorsController#show as HTML
  Parameters: {"id"=>"6"}
  [1m[35mAuthor Load (0.1ms)[0m  SELECT  "authors".* FROM "authors" WHERE "authors"."id" = ? LIMIT 1  [["id", 6]]
  [1m[36mPost Load (0.1ms)[0m  [1mSELECT "posts".* FROM "posts" WHERE "posts"."author_id" = ?[0m  [["author_id", 6]]
  Rendered authors/show.html.erb within layouts/application (2.4ms)
Completed 200 OK in 111ms (Views: 109.3ms | ActiveRecord: 0.2ms)


Started GET "/assets/authors.self-e3b0c44298fc1c149afbf4c8996fb92427ae41e4649b934ca495991b7852b855.css?body=1" for ::1 at 2016-08-24 15:08:04 -0400


Started GET "/assets/application.self-e80e8f2318043e8af94dddc2adad5a4f09739a8ebb323b3ab31cd71d45fd9113.css?body=1" for ::1 at 2016-08-24 15:08:04 -0400


Started GET "/assets/authors.self-877aef30ae1b040ab8a3aba4e3e309a11d7f2612f44dde450b5c157aa5f95c05.js?body=1" for ::1 at 2016-08-24 15:08:04 -0400


Started GET "/assets/jquery.self-a714331225dda820228db323939889f149aec0127aeb06255646b616ba1ca419.js?body=1" for ::1 at 2016-08-24 15:08:04 -0400


Started GET "/assets/turbolinks.self-c37727e9bd6b2735da5c311aa83fead54ed0be6cc8bd9a65309e9c5abe2cbfff.js?body=1" for ::1 at 2016-08-24 15:08:04 -0400


Started GET "/assets/jquery_ujs.self-d456baa54c1fa6be2ec3711f0a72ddf7a5b2f34a6b4f515f33767d6207b7d4b3.js?body=1" for ::1 at 2016-08-24 15:08:04 -0400


Started GET "/assets/application.self-3b8dabdc891efe46b9a144b400ad69e37d7e5876bdc39dee783419a69d7ca819.js?body=1" for ::1 at 2016-08-24 15:08:04 -0400


Started GET "/authors/" for ::1 at 2016-08-24 15:09:06 -0400
Processing by AuthorsController#index as HTML
  [1m[35mAuthor Load (0.3ms)[0m  SELECT "authors".* FROM "authors"
  Rendered authors/index.html.erb within layouts/application (4.3ms)
Completed 200 OK in 26ms (Views: 25.2ms | ActiveRecord: 0.3ms)


Started GET "/avatars/original/missing.png" for ::1 at 2016-08-24 15:09:06 -0400

ActionController::RoutingError (No route matches [GET] "/avatars/original/missing.png"):
  actionpack (4.2.5) lib/action_dispatch/middleware/debug_exceptions.rb:21:in `call'
  web-console (2.2.1) lib/web_console/middleware.rb:39:in `call'
  actionpack (4.2.5) lib/action_dispatch/middleware/show_exceptions.rb:30:in `call'
  railties (4.2.5) lib/rails/rack/logger.rb:38:in `call_app'
  railties (4.2.5) lib/rails/rack/logger.rb:20:in `block in call'
  activesupport (4.2.5) lib/active_support/tagged_logging.rb:68:in `block in tagged'
  activesupport (4.2.5) lib/active_support/tagged_logging.rb:26:in `tagged'
  activesupport (4.2.5) lib/active_support/tagged_logging.rb:68:in `tagged'
  railties (4.2.5) lib/rails/rack/logger.rb:20:in `call'
  actionpack (4.2.5) lib/action_dispatch/middleware/request_id.rb:21:in `call'
  rack (1.6.4) lib/rack/methodoverride.rb:22:in `call'
  rack (1.6.4) lib/rack/runtime.rb:18:in `call'
  activesupport (4.2.5) lib/active_support/cache/strategy/local_cache_middleware.rb:28:in `call'
  rack (1.6.4) lib/rack/lock.rb:17:in `call'
  actionpack (4.2.5) lib/action_dispatch/middleware/static.rb:116:in `call'
  rack (1.6.4) lib/rack/sendfile.rb:113:in `call'
  railties (4.2.5) lib/rails/engine.rb:518:in `call'
  railties (4.2.5) lib/rails/application.rb:165:in `call'
  rack (1.6.4) lib/rack/lock.rb:17:in `call'
  rack (1.6.4) lib/rack/content_length.rb:15:in `call'
  rack (1.6.4) lib/rack/handler/webrick.rb:88:in `service'
  /Users/UnmiGong/.rvm/rubies/ruby-2.2.3/lib/ruby/2.2.0/webrick/httpserver.rb:138:in `service'
  /Users/UnmiGong/.rvm/rubies/ruby-2.2.3/lib/ruby/2.2.0/webrick/httpserver.rb:94:in `run'
  /Users/UnmiGong/.rvm/rubies/ruby-2.2.3/lib/ruby/2.2.0/webrick/server.rb:294:in `block in start_thread'


  Rendered /Users/UnmiGong/.rvm/gems/ruby-2.2.3/gems/actionpack-4.2.5/lib/action_dispatch/middleware/templates/rescues/_trace.html.erb (2.6ms)
  Rendered /Users/UnmiGong/.rvm/gems/ruby-2.2.3/gems/actionpack-4.2.5/lib/action_dispatch/middleware/templates/routes/_route.html.erb (1.6ms)
  Rendered /Users/UnmiGong/.rvm/gems/ruby-2.2.3/gems/actionpack-4.2.5/lib/action_dispatch/middleware/templates/routes/_table.html.erb (3.4ms)
  Rendered /Users/UnmiGong/.rvm/gems/ruby-2.2.3/gems/actionpack-4.2.5/lib/action_dispatch/middleware/templates/rescues/_request_and_response.html.erb (1.6ms)
  Rendered /Users/UnmiGong/.rvm/gems/ruby-2.2.3/gems/actionpack-4.2.5/lib/action_dispatch/middleware/templates/rescues/routing_error.html.erb within rescues/layout (82.9ms)
  Rendered /Users/UnmiGong/.rvm/gems/ruby-2.2.3/gems/web-console-2.2.1/lib/web_console/templates/_markup.html.erb (0.7ms)
  Rendered /Users/UnmiGong/.rvm/gems/ruby-2.2.3/gems/web-console-2.2.1/lib/web_console/templates/_inner_console_markup.html.erb within layouts/inlined_string (0.5ms)
  Rendered /Users/UnmiGong/.rvm/gems/ruby-2.2.3/gems/web-console-2.2.1/lib/web_console/templates/_prompt_box_markup.html.erb within layouts/inlined_string (0.5ms)
  Rendered /Users/UnmiGong/.rvm/gems/ruby-2.2.3/gems/web-console-2.2.1/lib/web_console/templates/style.css.erb within layouts/inlined_string (0.6ms)
  Rendered /Users/UnmiGong/.rvm/gems/ruby-2.2.3/gems/web-console-2.2.1/lib/web_console/templates/console.js.erb within layouts/javascript (58.4ms)
  Rendered /Users/UnmiGong/.rvm/gems/ruby-2.2.3/gems/web-console-2.2.1/lib/web_console/templates/main.js.erb within layouts/javascript (0.3ms)
  Rendered /Users/UnmiGong/.rvm/gems/ruby-2.2.3/gems/web-console-2.2.1/lib/web_console/templates/error_page.js.erb within layouts/javascript (0.5ms)
  Rendered /Users/UnmiGong/.rvm/gems/ruby-2.2.3/gems/web-console-2.2.1/lib/web_console/templates/index.html.erb (125.8ms)


Started GET "/authors/3" for ::1 at 2016-08-24 15:09:13 -0400
Processing by AuthorsController#show as HTML
  Parameters: {"id"=>"3"}
  [1m[36mAuthor Load (0.1ms)[0m  [1mSELECT  "authors".* FROM "authors" WHERE "authors"."id" = ? LIMIT 1[0m  [["id", 3]]
  [1m[35mPost Load (0.1ms)[0m  SELECT "posts".* FROM "posts" WHERE "posts"."author_id" = ?  [["author_id", 3]]
  Rendered authors/show.html.erb within layouts/application (12.6ms)
Completed 200 OK in 41ms (Views: 38.3ms | ActiveRecord: 0.5ms)


Started GET "/avatars/original/missing.png" for ::1 at 2016-08-24 15:09:13 -0400

ActionController::RoutingError (No route matches [GET] "/avatars/original/missing.png"):
  actionpack (4.2.5) lib/action_dispatch/middleware/debug_exceptions.rb:21:in `call'
  web-console (2.2.1) lib/web_console/middleware.rb:39:in `call'
  actionpack (4.2.5) lib/action_dispatch/middleware/show_exceptions.rb:30:in `call'
  railties (4.2.5) lib/rails/rack/logger.rb:38:in `call_app'
  railties (4.2.5) lib/rails/rack/logger.rb:20:in `block in call'
  activesupport (4.2.5) lib/active_support/tagged_logging.rb:68:in `block in tagged'
  activesupport (4.2.5) lib/active_support/tagged_logging.rb:26:in `tagged'
  activesupport (4.2.5) lib/active_support/tagged_logging.rb:68:in `tagged'
  railties (4.2.5) lib/rails/rack/logger.rb:20:in `call'
  actionpack (4.2.5) lib/action_dispatch/middleware/request_id.rb:21:in `call'
  rack (1.6.4) lib/rack/methodoverride.rb:22:in `call'
  rack (1.6.4) lib/rack/runtime.rb:18:in `call'
  activesupport (4.2.5) lib/active_support/cache/strategy/local_cache_middleware.rb:28:in `call'
  rack (1.6.4) lib/rack/lock.rb:17:in `call'
  actionpack (4.2.5) lib/action_dispatch/middleware/static.rb:116:in `call'
  rack (1.6.4) lib/rack/sendfile.rb:113:in `call'
  railties (4.2.5) lib/rails/engine.rb:518:in `call'
  railties (4.2.5) lib/rails/application.rb:165:in `call'
  rack (1.6.4) lib/rack/lock.rb:17:in `call'
  rack (1.6.4) lib/rack/content_length.rb:15:in `call'
  rack (1.6.4) lib/rack/handler/webrick.rb:88:in `service'
  /Users/UnmiGong/.rvm/rubies/ruby-2.2.3/lib/ruby/2.2.0/webrick/httpserver.rb:138:in `service'
  /Users/UnmiGong/.rvm/rubies/ruby-2.2.3/lib/ruby/2.2.0/webrick/httpserver.rb:94:in `run'
  /Users/UnmiGong/.rvm/rubies/ruby-2.2.3/lib/ruby/2.2.0/webrick/server.rb:294:in `block in start_thread'


  Rendered /Users/UnmiGong/.rvm/gems/ruby-2.2.3/gems/actionpack-4.2.5/lib/action_dispatch/middleware/templates/rescues/_trace.html.erb (1.6ms)
  Rendered /Users/UnmiGong/.rvm/gems/ruby-2.2.3/gems/actionpack-4.2.5/lib/action_dispatch/middleware/templates/routes/_route.html.erb (1.2ms)
  Rendered /Users/UnmiGong/.rvm/gems/ruby-2.2.3/gems/actionpack-4.2.5/lib/action_dispatch/middleware/templates/routes/_table.html.erb (1.4ms)
  Rendered /Users/UnmiGong/.rvm/gems/ruby-2.2.3/gems/actionpack-4.2.5/lib/action_dispatch/middleware/templates/rescues/_request_and_response.html.erb (1.3ms)
  Rendered /Users/UnmiGong/.rvm/gems/ruby-2.2.3/gems/actionpack-4.2.5/lib/action_dispatch/middleware/templates/rescues/routing_error.html.erb within rescues/layout (73.5ms)
  Rendered /Users/UnmiGong/.rvm/gems/ruby-2.2.3/gems/web-console-2.2.1/lib/web_console/templates/_markup.html.erb (0.4ms)
  Rendered /Users/UnmiGong/.rvm/gems/ruby-2.2.3/gems/web-console-2.2.1/lib/web_console/templates/_inner_console_markup.html.erb within layouts/inlined_string (0.3ms)
  Rendered /Users/UnmiGong/.rvm/gems/ruby-2.2.3/gems/web-console-2.2.1/lib/web_console/templates/_prompt_box_markup.html.erb within layouts/inlined_string (0.5ms)
  Rendered /Users/UnmiGong/.rvm/gems/ruby-2.2.3/gems/web-console-2.2.1/lib/web_console/templates/style.css.erb within layouts/inlined_string (0.4ms)
  Rendered /Users/UnmiGong/.rvm/gems/ruby-2.2.3/gems/web-console-2.2.1/lib/web_console/templates/console.js.erb within layouts/javascript (48.3ms)
  Rendered /Users/UnmiGong/.rvm/gems/ruby-2.2.3/gems/web-console-2.2.1/lib/web_console/templates/main.js.erb within layouts/javascript (0.4ms)
  Rendered /Users/UnmiGong/.rvm/gems/ruby-2.2.3/gems/web-console-2.2.1/lib/web_console/templates/error_page.js.erb within layouts/javascript (0.4ms)
  Rendered /Users/UnmiGong/.rvm/gems/ruby-2.2.3/gems/web-console-2.2.1/lib/web_console/templates/index.html.erb (114.4ms)


Started GET "/authors/" for ::1 at 2016-08-24 15:16:37 -0400
Processing by AuthorsController#index as HTML
  [1m[36mAuthor Load (0.7ms)[0m  [1mSELECT "authors".* FROM "authors"[0m
  Rendered authors/index.html.erb within layouts/application (27.3ms)
Completed 200 OK in 102ms (Views: 87.6ms | ActiveRecord: 1.1ms)


Started GET "/assets/original/default-4d452c63d330fa4ca5200c3fa437bfd595741d59846222f62704f02365fdbc6c.png" for ::1 at 2016-08-24 15:16:38 -0400


Started GET "/authors/new" for ::1 at 2016-08-24 15:18:56 -0400
Processing by AuthorsController#new as HTML
  Rendered authors/_form.html.erb (3.6ms)
  Rendered authors/new.html.erb within layouts/application (6.0ms)
Completed 200 OK in 85ms (Views: 71.8ms | ActiveRecord: 0.8ms)


Started POST "/authors" for ::1 at 2016-08-24 15:19:48 -0400
Processing by AuthorsController#create as HTML
  Parameters: {"utf8"=>"✓", "authenticity_token"=>"Nr/SqfNY1SmeVGxiLzfFO0A9nikcq2iqbAA46+++I5VbVZSNCGxIjYNEBaeIKStDkSIx+fu3zafOsZZMRC6+eQ==", "author"=>{"avatar"=>#<ActionDispatch::Http::UploadedFile:0x007fc785ee2358 @tempfile=#<Tempfile:/var/folders/pb/dp64sprj3mb902637dhf79pm0000gn/T/RackMultipart20160824-26789-1p5kad8.png>, @original_filename="1-Lt8RZaeQ6f6B_eA1oD32JQ.png", @content_type="image/png", @headers="Content-Disposition: form-data; name=\"author[avatar]\"; filename=\"1-Lt8RZaeQ6f6B_eA1oD32JQ.png\"\r\nContent-Type: image/png\r\n">, "name"=>";lj", "bio"=>"fghfkh"}, "commit"=>"Create Author"}
Command :: file -b --mime '/var/folders/pb/dp64sprj3mb902637dhf79pm0000gn/T/36463fa45664b19d5c1ff5539b4adbc920160824-26789-1tnuau0.png'
Command :: identify -format '%wx%h,%[exif:orientation]' '/var/folders/pb/dp64sprj3mb902637dhf79pm0000gn/T/36463fa45664b19d5c1ff5539b4adbc920160824-26789-3a1ge7.png[0]' 2>/dev/null
Command :: identify -format %m '/var/folders/pb/dp64sprj3mb902637dhf79pm0000gn/T/36463fa45664b19d5c1ff5539b4adbc920160824-26789-3a1ge7.png[0]'
Command :: convert '/var/folders/pb/dp64sprj3mb902637dhf79pm0000gn/T/36463fa45664b19d5c1ff5539b4adbc920160824-26789-3a1ge7.png[0]' -auto-orient -resize "100x100>" '/var/folders/pb/dp64sprj3mb902637dhf79pm0000gn/T/4f8fb14e680f6da2f8a30e602bfb5c6c20160824-26789-lnsskb'
  [1m[35m (1.7ms)[0m  begin transaction
Command :: file -b --mime '/var/folders/pb/dp64sprj3mb902637dhf79pm0000gn/T/36463fa45664b19d5c1ff5539b4adbc920160824-26789-108717n.png'
  [1m[36mSQL (0.5ms)[0m  [1mINSERT INTO "authors" ("bio", "name", "avatar_file_name", "avatar_content_type", "avatar_file_size", "avatar_updated_at", "created_at", "updated_at") VALUES (?, ?, ?, ?, ?, ?, ?, ?)[0m  [["bio", "fghfkh"], ["name", ";lj"], ["avatar_file_name", "1-Lt8RZaeQ6f6B_eA1oD32JQ.png"], ["avatar_content_type", "image/png"], ["avatar_file_size", 143779], ["avatar_updated_at", "2016-08-24 19:19:48.917339"], ["created_at", "2016-08-24 19:19:49.143693"], ["updated_at", "2016-08-24 19:19:49.143693"]]
  [1m[35m (1.2ms)[0m  commit transaction
Redirected to http://localhost:3000/authors/7
Completed 302 Found in 281ms (ActiveRecord: 3.4ms)


Started GET "/authors/7" for ::1 at 2016-08-24 15:19:49 -0400
Processing by AuthorsController#show as HTML
  Parameters: {"id"=>"7"}
  [1m[36mAuthor Load (0.2ms)[0m  [1mSELECT  "authors".* FROM "authors" WHERE "authors"."id" = ? LIMIT 1[0m  [["id", 7]]
  [1m[35mPost Load (0.6ms)[0m  SELECT "posts".* FROM "posts" WHERE "posts"."author_id" = ?  [["author_id", 7]]
  Rendered authors/show.html.erb within layouts/application (9.5ms)
Completed 200 OK in 43ms (Views: 38.9ms | ActiveRecord: 1.0ms)


Started GET "/authors/" for ::1 at 2016-08-24 15:20:09 -0400
Processing by AuthorsController#index as HTML
  [1m[36mAuthor Load (0.4ms)[0m  [1mSELECT "authors".* FROM "authors"[0m
  Rendered authors/index.html.erb within layouts/application (10.0ms)
Completed 200 OK in 44ms (Views: 42.7ms | ActiveRecord: 0.4ms)


Started GET "/authors" for ::1 at 2016-08-24 15:20:10 -0400
Processing by AuthorsController#index as HTML
  [1m[35mAuthor Load (0.2ms)[0m  SELECT "authors".* FROM "authors"
  Rendered authors/index.html.erb within layouts/application (7.0ms)
Completed 200 OK in 25ms (Views: 24.0ms | ActiveRecord: 0.2ms)


Started GET "/authors" for ::1 at 2016-08-24 15:20:47 -0400
Processing by AuthorsController#index as HTML
  [1m[36mAuthor Load (0.2ms)[0m  [1mSELECT "authors".* FROM "authors"[0m
  Rendered authors/index.html.erb within layouts/application (5.4ms)
Completed 200 OK in 26ms (Views: 25.2ms | ActiveRecord: 0.2ms)


Started GET "/assets/authors.self-e3b0c44298fc1c149afbf4c8996fb92427ae41e4649b934ca495991b7852b855.css?body=1" for ::1 at 2016-08-24 15:20:47 -0400


Started GET "/assets/application.self-e80e8f2318043e8af94dddc2adad5a4f09739a8ebb323b3ab31cd71d45fd9113.css?body=1" for ::1 at 2016-08-24 15:20:47 -0400


Started GET "/assets/jquery_ujs.self-d456baa54c1fa6be2ec3711f0a72ddf7a5b2f34a6b4f515f33767d6207b7d4b3.js?body=1" for ::1 at 2016-08-24 15:20:47 -0400


Started GET "/assets/jquery.self-a714331225dda820228db323939889f149aec0127aeb06255646b616ba1ca419.js?body=1" for ::1 at 2016-08-24 15:20:47 -0400


Started GET "/assets/turbolinks.self-c37727e9bd6b2735da5c311aa83fead54ed0be6cc8bd9a65309e9c5abe2cbfff.js?body=1" for ::1 at 2016-08-24 15:20:47 -0400


Started GET "/assets/authors.self-877aef30ae1b040ab8a3aba4e3e309a11d7f2612f44dde450b5c157aa5f95c05.js?body=1" for ::1 at 2016-08-24 15:20:47 -0400


Started GET "/assets/application.self-3b8dabdc891efe46b9a144b400ad69e37d7e5876bdc39dee783419a69d7ca819.js?body=1" for ::1 at 2016-08-24 15:20:47 -0400
  [1m[36mAuthor Load (0.3ms)[0m  [1mSELECT  "authors".* FROM "authors" WHERE (avatar_file_name IS NOT NULL)  ORDER BY "authors"."id" ASC LIMIT 1000[0m
Command :: file -b --mime '/var/folders/pb/dp64sprj3mb902637dhf79pm0000gn/T/f4df9f71b6f1543a0f18a63cd99dc37e20160824-26894-cg7zws.png'
Command :: identify -format '%wx%h,%[exif:orientation]' '/var/folders/pb/dp64sprj3mb902637dhf79pm0000gn/T/f4df9f71b6f1543a0f18a63cd99dc37e20160824-26894-1tabeg1.png[0]' 2>/dev/null
Command :: identify -format %m '/var/folders/pb/dp64sprj3mb902637dhf79pm0000gn/T/f4df9f71b6f1543a0f18a63cd99dc37e20160824-26894-1tabeg1.png[0]'
Command :: convert '/var/folders/pb/dp64sprj3mb902637dhf79pm0000gn/T/f4df9f71b6f1543a0f18a63cd99dc37e20160824-26894-1tabeg1.png[0]' -auto-orient -resize "100x100>" '/var/folders/pb/dp64sprj3mb902637dhf79pm0000gn/T/74b3428ad3513d05ac5a17a52c58b6de20160824-26894-abs2t1'
  [1m[35m (0.3ms)[0m  begin transaction
  [1m[36mSQL (0.6ms)[0m  [1mUPDATE "authors" SET "avatar_updated_at" = ?, "avatar_file_name" = ?, "updated_at" = ? WHERE "authors"."id" = ?[0m  [["avatar_updated_at", "2016-08-24 19:21:08.109880"], ["avatar_file_name", "1-biD9eS5eB6zXzieonNk-VQ.png"], ["updated_at", "2016-08-24 19:21:08.290187"], ["id", 5]]
  [1m[35m (0.9ms)[0m  commit transaction
Command :: file -b --mime '/var/folders/pb/dp64sprj3mb902637dhf79pm0000gn/T/f4df9f71b6f1543a0f18a63cd99dc37e20160824-26894-124r5uv.png'
Command :: identify -format '%wx%h,%[exif:orientation]' '/var/folders/pb/dp64sprj3mb902637dhf79pm0000gn/T/f4df9f71b6f1543a0f18a63cd99dc37e20160824-26894-u52yiy.png[0]' 2>/dev/null
Command :: identify -format %m '/var/folders/pb/dp64sprj3mb902637dhf79pm0000gn/T/f4df9f71b6f1543a0f18a63cd99dc37e20160824-26894-u52yiy.png[0]'
Command :: convert '/var/folders/pb/dp64sprj3mb902637dhf79pm0000gn/T/f4df9f71b6f1543a0f18a63cd99dc37e20160824-26894-u52yiy.png[0]' -auto-orient -resize "100x100>" '/var/folders/pb/dp64sprj3mb902637dhf79pm0000gn/T/747b47f04372d53c6aeb5f938ae89b6220160824-26894-1f634hu'
  [1m[36m (0.2ms)[0m  [1mbegin transaction[0m
  [1m[35mSQL (0.4ms)[0m  UPDATE "authors" SET "avatar_updated_at" = ?, "avatar_file_name" = ?, "updated_at" = ? WHERE "authors"."id" = ?  [["avatar_updated_at", "2016-08-24 19:21:08.310608"], ["avatar_file_name", "1-biD9eS5eB6zXzieonNk-VQ.png"], ["updated_at", "2016-08-24 19:21:08.390100"], ["id", 6]]
  [1m[36m (0.8ms)[0m  [1mcommit transaction[0m
Command :: file -b --mime '/var/folders/pb/dp64sprj3mb902637dhf79pm0000gn/T/36463fa45664b19d5c1ff5539b4adbc920160824-26894-15kakfc.png'
Command :: identify -format '%wx%h,%[exif:orientation]' '/var/folders/pb/dp64sprj3mb902637dhf79pm0000gn/T/36463fa45664b19d5c1ff5539b4adbc920160824-26894-r6y1fg.png[0]' 2>/dev/null
Command :: identify -format %m '/var/folders/pb/dp64sprj3mb902637dhf79pm0000gn/T/36463fa45664b19d5c1ff5539b4adbc920160824-26894-r6y1fg.png[0]'
Command :: convert '/var/folders/pb/dp64sprj3mb902637dhf79pm0000gn/T/36463fa45664b19d5c1ff5539b4adbc920160824-26894-r6y1fg.png[0]' -auto-orient -resize "100x100>" '/var/folders/pb/dp64sprj3mb902637dhf79pm0000gn/T/d40dabbbd6a34fc93a1f8b0e07f58e2820160824-26894-1q8wrtj'
[paperclip] deleting /Users/UnmiGong/Development/code/rails-paperclip-readme-wdf-000/public/system/authors/avatars/000/000/007/thumb/1-Lt8RZaeQ6f6B_eA1oD32JQ.png
  [1m[35m (0.2ms)[0m  begin transaction
  [1m[36mSQL (0.5ms)[0m  [1mUPDATE "authors" SET "avatar_updated_at" = ?, "avatar_file_name" = ?, "updated_at" = ? WHERE "authors"."id" = ?[0m  [["avatar_updated_at", "2016-08-24 19:21:08.397591"], ["avatar_file_name", "1-Lt8RZaeQ6f6B_eA1oD32JQ.png"], ["updated_at", "2016-08-24 19:21:08.510257"], ["id", 7]]
  [1m[35m (1.0ms)[0m  commit transaction


Started GET "/authors" for ::1 at 2016-08-24 15:21:17 -0400
  [1m[36mActiveRecord::SchemaMigration Load (0.5ms)[0m  [1mSELECT "schema_migrations".* FROM "schema_migrations"[0m
Processing by AuthorsController#index as HTML
  [1m[35mAuthor Load (0.2ms)[0m  SELECT "authors".* FROM "authors"
  Rendered authors/index.html.erb within layouts/application (306.1ms)
Completed 200 OK in 387ms (Views: 368.2ms | ActiveRecord: 0.6ms)


Started GET "/assets/authors.self-e3b0c44298fc1c149afbf4c8996fb92427ae41e4649b934ca495991b7852b855.css?body=1" for ::1 at 2016-08-24 15:21:18 -0400


Started GET "/assets/jquery_ujs.self-d456baa54c1fa6be2ec3711f0a72ddf7a5b2f34a6b4f515f33767d6207b7d4b3.js?body=1" for ::1 at 2016-08-24 15:21:18 -0400


Started GET "/assets/application.self-e80e8f2318043e8af94dddc2adad5a4f09739a8ebb323b3ab31cd71d45fd9113.css?body=1" for ::1 at 2016-08-24 15:21:18 -0400


Started GET "/assets/jquery.self-a714331225dda820228db323939889f149aec0127aeb06255646b616ba1ca419.js?body=1" for ::1 at 2016-08-24 15:21:18 -0400


Started GET "/assets/turbolinks.self-c37727e9bd6b2735da5c311aa83fead54ed0be6cc8bd9a65309e9c5abe2cbfff.js?body=1" for ::1 at 2016-08-24 15:21:18 -0400


Started GET "/assets/authors.self-877aef30ae1b040ab8a3aba4e3e309a11d7f2612f44dde450b5c157aa5f95c05.js?body=1" for ::1 at 2016-08-24 15:21:18 -0400


Started GET "/assets/application.self-3b8dabdc891efe46b9a144b400ad69e37d7e5876bdc39dee783419a69d7ca819.js?body=1" for ::1 at 2016-08-24 15:21:18 -0400


Started GET "/authors" for ::1 at 2016-08-24 15:21:20 -0400
Processing by AuthorsController#index as HTML
  [1m[36mAuthor Load (0.3ms)[0m  [1mSELECT "authors".* FROM "authors"[0m
  Rendered authors/index.html.erb within layouts/application (5.4ms)
Completed 200 OK in 53ms (Views: 52.0ms | ActiveRecord: 0.3ms)


Started GET "/assets/jquery_ujs.self-d456baa54c1fa6be2ec3711f0a72ddf7a5b2f34a6b4f515f33767d6207b7d4b3.js?body=1" for ::1 at 2016-08-24 15:21:20 -0400


Started GET "/assets/authors.self-e3b0c44298fc1c149afbf4c8996fb92427ae41e4649b934ca495991b7852b855.css?body=1" for ::1 at 2016-08-24 15:21:20 -0400


Started GET "/assets/authors.self-877aef30ae1b040ab8a3aba4e3e309a11d7f2612f44dde450b5c157aa5f95c05.js?body=1" for ::1 at 2016-08-24 15:21:20 -0400


Started GET "/assets/turbolinks.self-c37727e9bd6b2735da5c311aa83fead54ed0be6cc8bd9a65309e9c5abe2cbfff.js?body=1" for ::1 at 2016-08-24 15:21:20 -0400


Started GET "/assets/jquery.self-a714331225dda820228db323939889f149aec0127aeb06255646b616ba1ca419.js?body=1" for ::1 at 2016-08-24 15:21:20 -0400


Started GET "/assets/application.self-e80e8f2318043e8af94dddc2adad5a4f09739a8ebb323b3ab31cd71d45fd9113.css?body=1" for ::1 at 2016-08-24 15:21:20 -0400


Started GET "/assets/application.self-3b8dabdc891efe46b9a144b400ad69e37d7e5876bdc39dee783419a69d7ca819.js?body=1" for ::1 at 2016-08-24 15:21:20 -0400


Started GET "/authors/" for ::1 at 2016-08-24 15:21:29 -0400
Processing by AuthorsController#index as HTML
  [1m[35mAuthor Load (0.3ms)[0m  SELECT "authors".* FROM "authors"
  Rendered authors/index.html.erb within layouts/application (6.9ms)
Completed 200 OK in 37ms (Views: 35.5ms | ActiveRecord: 0.3ms)


Started GET "/authors/new" for ::1 at 2016-08-24 15:21:31 -0400
Processing by AuthorsController#new as HTML
  Rendered authors/_form.html.erb (49.0ms)
  Rendered authors/new.html.erb within layouts/application (56.8ms)
Completed 200 OK in 88ms (Views: 86.7ms | ActiveRecord: 0.0ms)


Started POST "/authors" for ::1 at 2016-08-24 15:21:39 -0400
Processing by AuthorsController#create as HTML
  Parameters: {"utf8"=>"✓", "authenticity_token"=>"V+eDr1y7woOznBzR8mGyi68qPSAqpdj41gXHxVsYELk6DcWLp49fJ66MdRRVf1zzfjWS8M25ffV0tGli8IiNVQ==", "author"=>{"avatar"=>#<ActionDispatch::Http::UploadedFile:0x007ffa85ff2ff8 @tempfile=#<Tempfile:/var/folders/pb/dp64sprj3mb902637dhf79pm0000gn/T/RackMultipart20160824-26915-15atmd6.png>, @original_filename="1-tpMqyjAFgsYWpvlNkZgFfw.png", @content_type="image/png", @headers="Content-Disposition: form-data; name=\"author[avatar]\"; filename=\"1-tpMqyjAFgsYWpvlNkZgFfw.png\"\r\nContent-Type: image/png\r\n">, "name"=>"kjg", "bio"=>"uigu"}, "commit"=>"Create Author"}
Command :: file -b --mime '/var/folders/pb/dp64sprj3mb902637dhf79pm0000gn/T/be19ea142b146c801f1c13c775ac383820160824-26915-ae3442.png'
Command :: identify -format '%wx%h,%[exif:orientation]' '/var/folders/pb/dp64sprj3mb902637dhf79pm0000gn/T/be19ea142b146c801f1c13c775ac383820160824-26915-f8esv8.png[0]' 2>/dev/null
Command :: identify -format %m '/var/folders/pb/dp64sprj3mb902637dhf79pm0000gn/T/be19ea142b146c801f1c13c775ac383820160824-26915-f8esv8.png[0]'
Command :: convert '/var/folders/pb/dp64sprj3mb902637dhf79pm0000gn/T/be19ea142b146c801f1c13c775ac383820160824-26915-f8esv8.png[0]' -auto-orient -resize "100x100>" '/var/folders/pb/dp64sprj3mb902637dhf79pm0000gn/T/e061df6f1c528f28a32cd731d0a5b86a20160824-26915-8x7svd'
  [1m[36m (0.2ms)[0m  [1mbegin transaction[0m
Command :: file -b --mime '/var/folders/pb/dp64sprj3mb902637dhf79pm0000gn/T/be19ea142b146c801f1c13c775ac383820160824-26915-1xi4rey.png'
  [1m[35mSQL (0.8ms)[0m  INSERT INTO "authors" ("bio", "name", "avatar_file_name", "avatar_content_type", "avatar_file_size", "avatar_updated_at", "created_at", "updated_at") VALUES (?, ?, ?, ?, ?, ?, ?, ?)  [["bio", "uigu"], ["name", "kjg"], ["avatar_file_name", "1-tpMqyjAFgsYWpvlNkZgFfw.png"], ["avatar_content_type", "image/png"], ["avatar_file_size", 359828], ["avatar_updated_at", "2016-08-24 19:21:39.229227"], ["created_at", "2016-08-24 19:21:39.408405"], ["updated_at", "2016-08-24 19:21:39.408405"]]
  [1m[36m (1.0ms)[0m  [1mcommit transaction[0m
Redirected to http://localhost:3000/authors/8
Completed 302 Found in 226ms (ActiveRecord: 1.9ms)


Started GET "/authors/8" for ::1 at 2016-08-24 15:21:39 -0400
Processing by AuthorsController#show as HTML
  Parameters: {"id"=>"8"}
  [1m[35mAuthor Load (0.3ms)[0m  SELECT  "authors".* FROM "authors" WHERE "authors"."id" = ? LIMIT 1  [["id", 8]]
  [1m[36mPost Load (0.2ms)[0m  [1mSELECT "posts".* FROM "posts" WHERE "posts"."author_id" = ?[0m  [["author_id", 8]]
  Rendered authors/show.html.erb within layouts/application (32.0ms)
Completed 200 OK in 62ms (Views: 50.2ms | ActiveRecord: 0.7ms)


Started GET "/authors" for ::1 at 2016-08-24 15:21:45 -0400
Processing by AuthorsController#index as HTML
  [1m[35mAuthor Load (0.2ms)[0m  SELECT "authors".* FROM "authors"
  Rendered authors/index.html.erb within layouts/application (5.8ms)
Completed 200 OK in 30ms (Views: 28.8ms | ActiveRecord: 0.2ms)


Started GET "/authors/1" for ::1 at 2016-08-24 15:22:06 -0400
Processing by AuthorsController#show as HTML
  Parameters: {"id"=>"1"}
  [1m[36mAuthor Load (0.1ms)[0m  [1mSELECT  "authors".* FROM "authors" WHERE "authors"."id" = ? LIMIT 1[0m  [["id", 1]]
  [1m[35mPost Load (0.2ms)[0m  SELECT "posts".* FROM "posts" WHERE "posts"."author_id" = ?  [["author_id", 1]]
  Rendered authors/show.html.erb within layouts/application (24.3ms)
Completed 200 OK in 43ms (Views: 41.4ms | ActiveRecord: 0.4ms)


Started GET "/authors/2" for ::1 at 2016-08-24 15:22:09 -0400
Processing by AuthorsController#show as HTML
  Parameters: {"id"=>"2"}
  [1m[36mAuthor Load (0.1ms)[0m  [1mSELECT  "authors".* FROM "authors" WHERE "authors"."id" = ? LIMIT 1[0m  [["id", 2]]
  [1m[35mPost Load (0.1ms)[0m  SELECT "posts".* FROM "posts" WHERE "posts"."author_id" = ?  [["author_id", 2]]
  Rendered authors/show.html.erb within layouts/application (2.2ms)
Completed 200 OK in 20ms (Views: 18.9ms | ActiveRecord: 0.2ms)


Started GET "/authors/3" for ::1 at 2016-08-24 15:22:11 -0400
Processing by AuthorsController#show as HTML
  Parameters: {"id"=>"3"}
  [1m[36mAuthor Load (0.1ms)[0m  [1mSELECT  "authors".* FROM "authors" WHERE "authors"."id" = ? LIMIT 1[0m  [["id", 3]]
  [1m[35mPost Load (0.1ms)[0m  SELECT "posts".* FROM "posts" WHERE "posts"."author_id" = ?  [["author_id", 3]]
  Rendered authors/show.html.erb within layouts/application (2.3ms)
Completed 200 OK in 19ms (Views: 17.5ms | ActiveRecord: 0.2ms)


Started GET "/authors/4" for ::1 at 2016-08-24 15:22:13 -0400
Processing by AuthorsController#show as HTML
  Parameters: {"id"=>"4"}
  [1m[36mAuthor Load (0.1ms)[0m  [1mSELECT  "authors".* FROM "authors" WHERE "authors"."id" = ? LIMIT 1[0m  [["id", 4]]
  [1m[35mPost Load (0.1ms)[0m  SELECT "posts".* FROM "posts" WHERE "posts"."author_id" = ?  [["author_id", 4]]
  Rendered authors/show.html.erb within layouts/application (1.9ms)
Completed 200 OK in 21ms (Views: 19.4ms | ActiveRecord: 0.2ms)


Started GET "/authors/7" for ::1 at 2016-08-24 15:22:15 -0400
Processing by AuthorsController#show as HTML
  Parameters: {"id"=>"7"}
  [1m[36mAuthor Load (0.1ms)[0m  [1mSELECT  "authors".* FROM "authors" WHERE "authors"."id" = ? LIMIT 1[0m  [["id", 7]]
  [1m[35mPost Load (0.1ms)[0m  SELECT "posts".* FROM "posts" WHERE "posts"."author_id" = ?  [["author_id", 7]]
  Rendered authors/show.html.erb within layouts/application (1.7ms)
Completed 200 OK in 20ms (Views: 18.3ms | ActiveRecord: 0.2ms)


Started GET "/authors/8" for ::1 at 2016-08-24 15:22:17 -0400
Processing by AuthorsController#show as HTML
  Parameters: {"id"=>"8"}
  [1m[36mAuthor Load (0.1ms)[0m  [1mSELECT  "authors".* FROM "authors" WHERE "authors"."id" = ? LIMIT 1[0m  [["id", 8]]
  [1m[35mPost Load (0.1ms)[0m  SELECT "posts".* FROM "posts" WHERE "posts"."author_id" = ?  [["author_id", 8]]
  Rendered authors/show.html.erb within layouts/application (1.9ms)
Completed 200 OK in 19ms (Views: 17.1ms | ActiveRecord: 0.2ms)


Started GET "/authors" for ::1 at 2016-08-24 15:23:05 -0400
Processing by AuthorsController#index as HTML
  [1m[36mAuthor Load (0.3ms)[0m  [1mSELECT "authors".* FROM "authors"[0m
  Rendered authors/index.html.erb within layouts/application (10.5ms)
Completed 200 OK in 40ms (Views: 38.3ms | ActiveRecord: 0.3ms)


Started GET "/assets/authors.self-e3b0c44298fc1c149afbf4c8996fb92427ae41e4649b934ca495991b7852b855.css?body=1" for ::1 at 2016-08-24 15:23:05 -0400


Started GET "/assets/jquery.self-a714331225dda820228db323939889f149aec0127aeb06255646b616ba1ca419.js?body=1" for ::1 at 2016-08-24 15:23:05 -0400


Started GET "/assets/application.self-e80e8f2318043e8af94dddc2adad5a4f09739a8ebb323b3ab31cd71d45fd9113.css?body=1" for ::1 at 2016-08-24 15:23:06 -0400


Started GET "/assets/jquery_ujs.self-d456baa54c1fa6be2ec3711f0a72ddf7a5b2f34a6b4f515f33767d6207b7d4b3.js?body=1" for ::1 at 2016-08-24 15:23:06 -0400


Started GET "/assets/application.self-3b8dabdc891efe46b9a144b400ad69e37d7e5876bdc39dee783419a69d7ca819.js?body=1" for ::1 at 2016-08-24 15:23:06 -0400


Started GET "/assets/turbolinks.self-c37727e9bd6b2735da5c311aa83fead54ed0be6cc8bd9a65309e9c5abe2cbfff.js?body=1" for ::1 at 2016-08-24 15:23:06 -0400


Started GET "/assets/authors.self-877aef30ae1b040ab8a3aba4e3e309a11d7f2612f44dde450b5c157aa5f95c05.js?body=1" for ::1 at 2016-08-24 15:23:06 -0400


Started GET "/authors/new" for ::1 at 2016-08-24 15:23:08 -0400
Processing by AuthorsController#new as HTML
  Rendered authors/_form.html.erb (5.2ms)
  Rendered authors/new.html.erb within layouts/application (8.9ms)
Completed 200 OK in 39ms (Views: 38.1ms | ActiveRecord: 0.0ms)


Started POST "/authors" for ::1 at 2016-08-24 15:23:15 -0400
Processing by AuthorsController#create as HTML
  Parameters: {"utf8"=>"✓", "authenticity_token"=>"8UKM2ZKiyQz2bn0SIjPz9iozVHsU7lo6hUUmLO3KcD6cqMr9aZZUqOt+FNeFLR2O+yz7q/Py/zcn9IiLRlrt0g==", "author"=>{"avatar"=>#<ActionDispatch::Http::UploadedFile:0x007ffa85b29508 @tempfile=#<Tempfile:/var/folders/pb/dp64sprj3mb902637dhf79pm0000gn/T/RackMultipart20160824-26915-4eagzg.jpeg>, @original_filename="1-vEVQDKp9MgZkVPK4M70EhA (1).jpeg", @content_type="image/jpeg", @headers="Content-Disposition: form-data; name=\"author[avatar]\"; filename=\"1-vEVQDKp9MgZkVPK4M70EhA (1).jpeg\"\r\nContent-Type: image/jpeg\r\n">, "name"=>",.b", "bio"=>""}, "commit"=>"Create Author"}
Command :: file -b --mime '/var/folders/pb/dp64sprj3mb902637dhf79pm0000gn/T/1da2ea7e8098bb08dbbcb6f866819c0020160824-26915-17ylpnm.jpeg'
Command :: identify -format '%wx%h,%[exif:orientation]' '/var/folders/pb/dp64sprj3mb902637dhf79pm0000gn/T/382b2a1cc6484358d64ee5fd3b5801cb20160824-26915-12146hs.jpeg[0]' 2>/dev/null
Command :: identify -format %m '/var/folders/pb/dp64sprj3mb902637dhf79pm0000gn/T/382b2a1cc6484358d64ee5fd3b5801cb20160824-26915-12146hs.jpeg[0]'
Command :: convert '/var/folders/pb/dp64sprj3mb902637dhf79pm0000gn/T/382b2a1cc6484358d64ee5fd3b5801cb20160824-26915-12146hs.jpeg[0]' -auto-orient -resize "100x100>" '/var/folders/pb/dp64sprj3mb902637dhf79pm0000gn/T/667772342cc667d8b5230662989f7a2520160824-26915-bu3i43'
  [1m[35m (0.2ms)[0m  begin transaction
Command :: file -b --mime '/var/folders/pb/dp64sprj3mb902637dhf79pm0000gn/T/1da2ea7e8098bb08dbbcb6f866819c0020160824-26915-1h5eilh.jpeg'
  [1m[36mSQL (0.4ms)[0m  [1mINSERT INTO "authors" ("bio", "name", "avatar_file_name", "avatar_content_type", "avatar_file_size", "avatar_updated_at", "created_at", "updated_at") VALUES (?, ?, ?, ?, ?, ?, ?, ?)[0m  [["bio", ""], ["name", ",.b"], ["avatar_file_name", "1-vEVQDKp9MgZkVPK4M70EhA_(1).jpeg"], ["avatar_content_type", "image/jpeg"], ["avatar_file_size", 126413], ["avatar_updated_at", "2016-08-24 19:23:15.572577"], ["created_at", "2016-08-24 19:23:15.739559"], ["updated_at", "2016-08-24 19:23:15.739559"]]
  [1m[35m (1.0ms)[0m  commit transaction
Redirected to http://localhost:3000/authors/9
Completed 302 Found in 217ms (ActiveRecord: 1.6ms)


Started GET "/authors/9" for ::1 at 2016-08-24 15:23:15 -0400
Processing by AuthorsController#show as HTML
  Parameters: {"id"=>"9"}
  [1m[36mAuthor Load (0.7ms)[0m  [1mSELECT  "authors".* FROM "authors" WHERE "authors"."id" = ? LIMIT 1[0m  [["id", 9]]
  [1m[35mPost Load (0.1ms)[0m  SELECT "posts".* FROM "posts" WHERE "posts"."author_id" = ?  [["author_id", 9]]
  Rendered authors/show.html.erb within layouts/application (2.4ms)
Completed 200 OK in 37ms (Views: 34.4ms | ActiveRecord: 0.8ms)


Started GET "/authors" for ::1 at 2016-08-24 15:23:19 -0400
Processing by AuthorsController#index as HTML
  [1m[36mAuthor Load (0.2ms)[0m  [1mSELECT "authors".* FROM "authors"[0m
  Rendered authors/index.html.erb within layouts/application (8.0ms)
Completed 200 OK in 27ms (Views: 25.4ms | ActiveRecord: 0.2ms)


Started GET "/authors" for ::1 at 2016-08-24 15:24:12 -0400
Processing by AuthorsController#index as HTML
  [1m[35mAuthor Load (0.4ms)[0m  SELECT "authors".* FROM "authors"
  Rendered authors/index.html.erb within layouts/application (18.7ms)
Completed 200 OK in 55ms (Views: 49.5ms | ActiveRecord: 0.7ms)


Started GET "/authors" for ::1 at 2016-08-24 15:24:14 -0400
Processing by AuthorsController#index as HTML
  [1m[36mAuthor Load (0.2ms)[0m  [1mSELECT "authors".* FROM "authors"[0m
  Rendered authors/index.html.erb within layouts/application (6.6ms)
Completed 200 OK in 25ms (Views: 24.1ms | ActiveRecord: 0.2ms)


Started GET "/assets/application.self-e80e8f2318043e8af94dddc2adad5a4f09739a8ebb323b3ab31cd71d45fd9113.css?body=1" for ::1 at 2016-08-24 15:24:14 -0400


Started GET "/assets/authors.self-e3b0c44298fc1c149afbf4c8996fb92427ae41e4649b934ca495991b7852b855.css?body=1" for ::1 at 2016-08-24 15:24:14 -0400


Started GET "/assets/jquery.self-a714331225dda820228db323939889f149aec0127aeb06255646b616ba1ca419.js?body=1" for ::1 at 2016-08-24 15:24:14 -0400


Started GET "/assets/jquery_ujs.self-d456baa54c1fa6be2ec3711f0a72ddf7a5b2f34a6b4f515f33767d6207b7d4b3.js?body=1" for ::1 at 2016-08-24 15:24:14 -0400


Started GET "/assets/authors.self-877aef30ae1b040ab8a3aba4e3e309a11d7f2612f44dde450b5c157aa5f95c05.js?body=1" for ::1 at 2016-08-24 15:24:14 -0400


Started GET "/assets/turbolinks.self-c37727e9bd6b2735da5c311aa83fead54ed0be6cc8bd9a65309e9c5abe2cbfff.js?body=1" for ::1 at 2016-08-24 15:24:14 -0400


Started GET "/assets/application.self-3b8dabdc891efe46b9a144b400ad69e37d7e5876bdc39dee783419a69d7ca819.js?body=1" for ::1 at 2016-08-24 15:24:14 -0400


Started GET "/authors" for ::1 at 2016-08-24 15:24:50 -0400
  [1m[36mActiveRecord::SchemaMigration Load (0.2ms)[0m  [1mSELECT "schema_migrations".* FROM "schema_migrations"[0m
Processing by AuthorsController#index as HTML
  [1m[35mAuthor Load (0.2ms)[0m  SELECT "authors".* FROM "authors"
  Rendered authors/index.html.erb within layouts/application (294.5ms)
Completed 200 OK in 365ms (Views: 345.5ms | ActiveRecord: 0.7ms)


Started GET "/assets/application.self-e80e8f2318043e8af94dddc2adad5a4f09739a8ebb323b3ab31cd71d45fd9113.css?body=1" for ::1 at 2016-08-24 15:24:50 -0400


Started GET "/assets/authors.self-e3b0c44298fc1c149afbf4c8996fb92427ae41e4649b934ca495991b7852b855.css?body=1" for ::1 at 2016-08-24 15:24:50 -0400


Started GET "/assets/authors.self-877aef30ae1b040ab8a3aba4e3e309a11d7f2612f44dde450b5c157aa5f95c05.js?body=1" for ::1 at 2016-08-24 15:24:50 -0400


Started GET "/assets/turbolinks.self-c37727e9bd6b2735da5c311aa83fead54ed0be6cc8bd9a65309e9c5abe2cbfff.js?body=1" for ::1 at 2016-08-24 15:24:51 -0400


Started GET "/assets/jquery_ujs.self-d456baa54c1fa6be2ec3711f0a72ddf7a5b2f34a6b4f515f33767d6207b7d4b3.js?body=1" for ::1 at 2016-08-24 15:24:51 -0400


Started GET "/assets/jquery.self-a714331225dda820228db323939889f149aec0127aeb06255646b616ba1ca419.js?body=1" for ::1 at 2016-08-24 15:24:51 -0400


Started GET "/assets/application.self-3b8dabdc891efe46b9a144b400ad69e37d7e5876bdc39dee783419a69d7ca819.js?body=1" for ::1 at 2016-08-24 15:24:51 -0400


Started GET "/authors" for ::1 at 2016-08-24 15:24:52 -0400
Processing by AuthorsController#index as HTML
  [1m[36mAuthor Load (0.3ms)[0m  [1mSELECT "authors".* FROM "authors"[0m
  Rendered authors/index.html.erb within layouts/application (7.6ms)
Completed 200 OK in 26ms (Views: 24.6ms | ActiveRecord: 0.3ms)


Started GET "/assets/turbolinks.self-c37727e9bd6b2735da5c311aa83fead54ed0be6cc8bd9a65309e9c5abe2cbfff.js?body=1" for ::1 at 2016-08-24 15:24:52 -0400


Started GET "/assets/application.self-e80e8f2318043e8af94dddc2adad5a4f09739a8ebb323b3ab31cd71d45fd9113.css?body=1" for ::1 at 2016-08-24 15:24:52 -0400


Started GET "/assets/authors.self-e3b0c44298fc1c149afbf4c8996fb92427ae41e4649b934ca495991b7852b855.css?body=1" for ::1 at 2016-08-24 15:24:52 -0400


Started GET "/assets/authors.self-877aef30ae1b040ab8a3aba4e3e309a11d7f2612f44dde450b5c157aa5f95c05.js?body=1" for ::1 at 2016-08-24 15:24:52 -0400


Started GET "/assets/jquery_ujs.self-d456baa54c1fa6be2ec3711f0a72ddf7a5b2f34a6b4f515f33767d6207b7d4b3.js?body=1" for ::1 at 2016-08-24 15:24:52 -0400


Started GET "/assets/jquery.self-a714331225dda820228db323939889f149aec0127aeb06255646b616ba1ca419.js?body=1" for ::1 at 2016-08-24 15:24:52 -0400


Started GET "/assets/application.self-3b8dabdc891efe46b9a144b400ad69e37d7e5876bdc39dee783419a69d7ca819.js?body=1" for ::1 at 2016-08-24 15:24:52 -0400


Started GET "/authors/3" for ::1 at 2016-08-24 15:24:54 -0400
Processing by AuthorsController#show as HTML
  Parameters: {"id"=>"3"}
  [1m[35mAuthor Load (0.2ms)[0m  SELECT  "authors".* FROM "authors" WHERE "authors"."id" = ? LIMIT 1  [["id", 3]]
  [1m[36mPost Load (0.2ms)[0m  [1mSELECT "posts".* FROM "posts" WHERE "posts"."author_id" = ?[0m  [["author_id", 3]]
  Rendered authors/show.html.erb within layouts/application (68.3ms)
Completed 200 OK in 113ms (Views: 85.9ms | ActiveRecord: 0.8ms)


Started GET "/authors" for ::1 at 2016-08-24 15:24:56 -0400
Processing by AuthorsController#index as HTML
  [1m[35mAuthor Load (0.2ms)[0m  SELECT "authors".* FROM "authors"
  Rendered authors/index.html.erb within layouts/application (6.6ms)
Completed 200 OK in 22ms (Views: 20.6ms | ActiveRecord: 0.2ms)


Started GET "/assets/authors.self-e3b0c44298fc1c149afbf4c8996fb92427ae41e4649b934ca495991b7852b855.css?body=1" for ::1 at 2016-08-24 15:24:56 -0400


Started GET "/assets/application.self-e80e8f2318043e8af94dddc2adad5a4f09739a8ebb323b3ab31cd71d45fd9113.css?body=1" for ::1 at 2016-08-24 15:24:56 -0400


Started GET "/assets/jquery.self-a714331225dda820228db323939889f149aec0127aeb06255646b616ba1ca419.js?body=1" for ::1 at 2016-08-24 15:24:56 -0400


Started GET "/assets/authors.self-877aef30ae1b040ab8a3aba4e3e309a11d7f2612f44dde450b5c157aa5f95c05.js?body=1" for ::1 at 2016-08-24 15:24:56 -0400


Started GET "/assets/turbolinks.self-c37727e9bd6b2735da5c311aa83fead54ed0be6cc8bd9a65309e9c5abe2cbfff.js?body=1" for ::1 at 2016-08-24 15:24:56 -0400


Started GET "/assets/jquery_ujs.self-d456baa54c1fa6be2ec3711f0a72ddf7a5b2f34a6b4f515f33767d6207b7d4b3.js?body=1" for ::1 at 2016-08-24 15:24:56 -0400


Started GET "/assets/application.self-3b8dabdc891efe46b9a144b400ad69e37d7e5876bdc39dee783419a69d7ca819.js?body=1" for ::1 at 2016-08-24 15:24:56 -0400


Started GET "/authors/5" for ::1 at 2016-08-24 15:24:57 -0400
Processing by AuthorsController#show as HTML
  Parameters: {"id"=>"5"}
  [1m[36mAuthor Load (0.1ms)[0m  [1mSELECT  "authors".* FROM "authors" WHERE "authors"."id" = ? LIMIT 1[0m  [["id", 5]]
  [1m[35mPost Load (0.1ms)[0m  SELECT "posts".* FROM "posts" WHERE "posts"."author_id" = ?  [["author_id", 5]]
  Rendered authors/show.html.erb within layouts/application (1.8ms)
Completed 200 OK in 19ms (Views: 17.8ms | ActiveRecord: 0.2ms)


Started GET "/authors/5" for ::1 at 2016-08-24 15:24:59 -0400
Processing by AuthorsController#show as HTML
  Parameters: {"id"=>"5"}
  [1m[36mAuthor Load (0.1ms)[0m  [1mSELECT  "authors".* FROM "authors" WHERE "authors"."id" = ? LIMIT 1[0m  [["id", 5]]
  [1m[35mPost Load (0.1ms)[0m  SELECT "posts".* FROM "posts" WHERE "posts"."author_id" = ?  [["author_id", 5]]
  Rendered authors/show.html.erb within layouts/application (2.4ms)
Completed 200 OK in 19ms (Views: 17.6ms | ActiveRecord: 0.2ms)


Started GET "/assets/authors.self-e3b0c44298fc1c149afbf4c8996fb92427ae41e4649b934ca495991b7852b855.css?body=1" for ::1 at 2016-08-24 15:24:59 -0400


Started GET "/assets/turbolinks.self-c37727e9bd6b2735da5c311aa83fead54ed0be6cc8bd9a65309e9c5abe2cbfff.js?body=1" for ::1 at 2016-08-24 15:24:59 -0400


Started GET "/assets/authors.self-877aef30ae1b040ab8a3aba4e3e309a11d7f2612f44dde450b5c157aa5f95c05.js?body=1" for ::1 at 2016-08-24 15:24:59 -0400


Started GET "/assets/application.self-e80e8f2318043e8af94dddc2adad5a4f09739a8ebb323b3ab31cd71d45fd9113.css?body=1" for ::1 at 2016-08-24 15:24:59 -0400


Started GET "/assets/jquery_ujs.self-d456baa54c1fa6be2ec3711f0a72ddf7a5b2f34a6b4f515f33767d6207b7d4b3.js?body=1" for ::1 at 2016-08-24 15:24:59 -0400


Started GET "/assets/jquery.self-a714331225dda820228db323939889f149aec0127aeb06255646b616ba1ca419.js?body=1" for ::1 at 2016-08-24 15:24:59 -0400


Started GET "/assets/application.self-3b8dabdc891efe46b9a144b400ad69e37d7e5876bdc39dee783419a69d7ca819.js?body=1" for ::1 at 2016-08-24 15:24:59 -0400


Started GET "/authors" for ::1 at 2016-08-24 15:25:00 -0400
Processing by AuthorsController#index as HTML
  [1m[36mAuthor Load (0.3ms)[0m  [1mSELECT "authors".* FROM "authors"[0m
  Rendered authors/index.html.erb within layouts/application (8.9ms)
Completed 200 OK in 30ms (Views: 27.6ms | ActiveRecord: 0.3ms)
